2019-07-22 16:27:35,327 [INFO] from play.api.db.DefaultDBApi in play-dev-mode-akka.actor.default-dispatcher-3 - Database [default] initialized at jdbc:h2:tcp://localhost/~/playreviews
2019-07-22 16:27:35,348 [INFO] from application in play-dev-mode-akka.actor.default-dispatcher-3 - Creating Pool for datasource 'default'
2019-07-22 16:27:40,325 [INFO] from play.api.http.EnabledFilters in play-dev-mode-akka.actor.default-dispatcher-3 - Enabled Filters (see <https://www.playframework.com/documentation/latest/Filters>):

    play.filters.csrf.CSRFFilter
    play.filters.headers.SecurityHeadersFilter
    play.filters.hosts.AllowedHostsFilter

2019-07-22 16:27:40,340 [INFO] from play.api.Play in play-dev-mode-akka.actor.default-dispatcher-3 - Application started (Dev) (no global state)
2019-07-22 17:30:42,241 [INFO] from play.core.server.AkkaHttpServer in pool-8-thread-3 - Stopping server...
2019-07-22 17:31:01,289 [WARN] from akka.actor.CoordinatedShutdown in play-dev-mode-akka.actor.default-dispatcher-16 - Task [shutdown-application-dev-mode] failed in phase [service-stop]: Compilation error[type mismatch;
 found   : String
 required: Long]
2019-07-22 17:31:06,295 [WARN] from akka.actor.CoordinatedShutdown in play-dev-mode-akka.actor.default-dispatcher-15 - Coordinated shutdown phase [before-actor-system-terminate] timed out after 5000 milliseconds
2019-07-22 17:52:57,782 [INFO] from play.api.db.DefaultDBApi in play-dev-mode-akka.actor.default-dispatcher-11 - Database [default] initialized at jdbc:h2:tcp://localhost/~/playreviews
2019-07-22 17:52:57,788 [INFO] from application in play-dev-mode-akka.actor.default-dispatcher-11 - Creating Pool for datasource 'default'
2019-07-22 17:53:02,937 [INFO] from play.api.http.EnabledFilters in play-dev-mode-akka.actor.default-dispatcher-11 - Enabled Filters (see <https://www.playframework.com/documentation/latest/Filters>):

    play.filters.csrf.CSRFFilter
    play.filters.headers.SecurityHeadersFilter
    play.filters.hosts.AllowedHostsFilter

2019-07-22 17:53:02,972 [INFO] from play.api.Play in play-dev-mode-akka.actor.default-dispatcher-11 - Application started (Dev) (no global state)
2019-07-22 17:53:03,014 [INFO] from application in application-akka.actor.default-dispatcher-3 - Shutting down connection pool.
2019-07-22 17:53:08,207 [WARN] from akka.actor.CoordinatedShutdown in play-dev-mode-akka.actor.default-dispatcher-14 - Coordinated shutdown phase [before-actor-system-terminate] timed out after 5000 milliseconds
2019-07-22 17:53:09,716 [INFO] from play.api.db.DefaultDBApi in play-dev-mode-akka.actor.default-dispatcher-15 - Database [default] initialized at jdbc:h2:tcp://localhost/~/playreviews
2019-07-22 17:53:09,716 [INFO] from application in play-dev-mode-akka.actor.default-dispatcher-15 - Creating Pool for datasource 'default'
2019-07-22 17:53:10,722 [INFO] from play.api.http.EnabledFilters in play-dev-mode-akka.actor.default-dispatcher-15 - Enabled Filters (see <https://www.playframework.com/documentation/latest/Filters>):

    play.filters.csrf.CSRFFilter
    play.filters.headers.SecurityHeadersFilter
    play.filters.hosts.AllowedHostsFilter

2019-07-22 17:53:10,727 [INFO] from play.api.Play in play-dev-mode-akka.actor.default-dispatcher-15 - Application started (Dev) (no global state)
2019-07-22 17:53:23,090 [INFO] from play.api.db.DefaultDBApi in play-dev-mode-akka.actor.default-dispatcher-4 - Database [default] initialized at jdbc:h2:tcp://localhost/~/playreviews
2019-07-22 17:53:23,094 [INFO] from application in play-dev-mode-akka.actor.default-dispatcher-4 - Creating Pool for datasource 'default'
2019-07-22 17:53:26,608 [INFO] from play.api.http.EnabledFilters in play-dev-mode-akka.actor.default-dispatcher-4 - Enabled Filters (see <https://www.playframework.com/documentation/latest/Filters>):

    play.filters.csrf.CSRFFilter
    play.filters.headers.SecurityHeadersFilter
    play.filters.hosts.AllowedHostsFilter

2019-07-22 17:53:26,621 [INFO] from play.api.Play in play-dev-mode-akka.actor.default-dispatcher-4 - Application started (Dev) (no global state)
2019-07-22 17:53:26,791 [ERROR] from application in play-dev-mode-akka.actor.default-dispatcher-4 - 

! @7ci6h55lg - Internal server error, for (GET) [/] ->
 
play.api.db.evolutions.InvalidDatabaseRevision: Database 'default' needs evolution![An SQL script need to be run on your database.]
	at play.api.db.evolutions.EvolutionsWebCommands.$anonfun$handleWebCommand$5(ApplicationEvolutions.scala:529)
	at play.api.db.evolutions.EvolutionsWebCommands.$anonfun$handleWebCommand$5$adapted(ApplicationEvolutions.scala:522)
	at play.api.db.evolutions.ApplicationEvolutions$.$anonfun$runEvolutions$1(ApplicationEvolutions.scala:211)
	at play.api.db.evolutions.ApplicationEvolutions$.withLock(ApplicationEvolutions.scala:232)
	at play.api.db.evolutions.ApplicationEvolutions$.runEvolutions(ApplicationEvolutions.scala:202)
	at play.api.db.evolutions.EvolutionsWebCommands.$anonfun$handleWebCommand$4(ApplicationEvolutions.scala:522)
	at play.api.db.evolutions.EvolutionsWebCommands.$anonfun$handleWebCommand$4$adapted(ApplicationEvolutions.scala:517)
	at scala.collection.immutable.List.foreach(List.scala:312)
	at play.api.db.evolutions.EvolutionsWebCommands.handleWebCommand(ApplicationEvolutions.scala:517)
	at play.core.DefaultWebCommands.$anonfun$handleWebCommand$1(WebCommands.scala:42)
	at scala.collection.immutable.Stream.flatMap(Stream.scala:195)
	at play.core.DefaultWebCommands.handleWebCommand(WebCommands.scala:42)
	at play.api.http.DefaultHttpRequestHandler.$anonfun$handlerForRequest$4(HttpRequestHandler.scala:204)
	at scala.Option.flatMap(Option.scala:284)
	at play.api.http.DefaultHttpRequestHandler.handlerForRequest(HttpRequestHandler.scala:203)
	at play.core.server.Server$.getHandlerFor(Server.scala:121)
	at play.core.server.AkkaHttpServer.handleRequest(AkkaHttpServer.scala:319)
	at play.core.server.AkkaHttpServer.$anonfun$createServerBinding$1(AkkaHttpServer.scala:189)
	at akka.stream.impl.fusing.MapAsync$$anon$30.onPush(Ops.scala:1261)
	at akka.stream.impl.fusing.GraphInterpreter.processPush(GraphInterpreter.scala:523)
	at akka.stream.impl.fusing.GraphInterpreter.execute(GraphInterpreter.scala:409)
	at akka.stream.impl.fusing.GraphInterpreterShell.runBatch(ActorGraphInterpreter.scala:606)
	at akka.stream.impl.fusing.GraphInterpreterShell$AsyncInput.execute(ActorGraphInterpreter.scala:485)
	at akka.stream.impl.fusing.GraphInterpreterShell.processEvent(ActorGraphInterpreter.scala:581)
	at akka.stream.impl.fusing.ActorGraphInterpreter.akka$stream$impl$fusing$ActorGraphInterpreter$$processEvent(ActorGraphInterpreter.scala:749)
	at akka.stream.impl.fusing.ActorGraphInterpreter$$anonfun$receive$1.applyOrElse(ActorGraphInterpreter.scala:764)
	at akka.actor.Actor.aroundReceive(Actor.scala:539)
	at akka.actor.Actor.aroundReceive$(Actor.scala:537)
	at akka.stream.impl.fusing.ActorGraphInterpreter.aroundReceive(ActorGraphInterpreter.scala:671)
	at akka.actor.ActorCell.receiveMessage(ActorCell.scala:612)
	at akka.actor.ActorCell.invoke(ActorCell.scala:581)
	at akka.dispatch.Mailbox.processMailbox(Mailbox.scala:268)
	at akka.dispatch.Mailbox.run(Mailbox.scala:229)
	at akka.dispatch.Mailbox.exec(Mailbox.scala:241)
	at akka.dispatch.forkjoin.ForkJoinTask.doExec(ForkJoinTask.java:260)
	at akka.dispatch.forkjoin.ForkJoinPool$WorkQueue.runTask(ForkJoinPool.java:1339)
	at akka.dispatch.forkjoin.ForkJoinPool.runWorker(ForkJoinPool.java:1979)
	at akka.dispatch.forkjoin.ForkJoinWorkerThread.run(ForkJoinWorkerThread.java:107)
2019-07-22 17:53:44,640 [INFO] from application in application-akka.actor.default-dispatcher-8 - Shutting down connection pool.
2019-07-22 17:53:46,046 [INFO] from play.api.db.DefaultDBApi in play-dev-mode-akka.actor.default-dispatcher-12 - Database [default] initialized at jdbc:h2:tcp://localhost/~/playreviews
2019-07-22 17:53:46,047 [INFO] from application in play-dev-mode-akka.actor.default-dispatcher-12 - Creating Pool for datasource 'default'
2019-07-22 17:53:46,447 [INFO] from play.api.http.EnabledFilters in play-dev-mode-akka.actor.default-dispatcher-12 - Enabled Filters (see <https://www.playframework.com/documentation/latest/Filters>):

    play.filters.csrf.CSRFFilter
    play.filters.headers.SecurityHeadersFilter
    play.filters.hosts.AllowedHostsFilter

2019-07-22 17:53:46,454 [INFO] from play.api.Play in play-dev-mode-akka.actor.default-dispatcher-12 - Application started (Dev) (no global state)
2019-07-22 17:54:32,031 [WARN] from org.pac4j.oidc.profile.creator.TokenValidator in application-akka.actor.default-dispatcher-2 - Preferred JWS algorithm: null not available. Using all metadata algorithms: [RS256]
2019-07-22 17:56:41,642 [INFO] from application in application-akka.actor.default-dispatcher-7 - Shutting down connection pool.
2019-07-22 17:56:42,519 [INFO] from play.api.db.DefaultDBApi in play-dev-mode-akka.actor.default-dispatcher-24 - Database [default] initialized at jdbc:h2:tcp://localhost/~/playreviews
2019-07-22 17:56:42,520 [INFO] from application in play-dev-mode-akka.actor.default-dispatcher-24 - Creating Pool for datasource 'default'
2019-07-22 17:56:43,130 [INFO] from play.api.http.EnabledFilters in play-dev-mode-akka.actor.default-dispatcher-24 - Enabled Filters (see <https://www.playframework.com/documentation/latest/Filters>):

    play.filters.csrf.CSRFFilter
    play.filters.headers.SecurityHeadersFilter
    play.filters.hosts.AllowedHostsFilter

2019-07-22 17:56:43,133 [INFO] from play.api.Play in play-dev-mode-akka.actor.default-dispatcher-24 - Application started (Dev) (no global state)
2019-07-22 17:56:47,473 [WARN] from org.pac4j.oidc.profile.creator.TokenValidator in application-akka.actor.default-dispatcher-6 - Preferred JWS algorithm: null not available. Using all metadata algorithms: [RS256]
2019-07-22 17:58:17,367 [INFO] from application in application-akka.actor.default-dispatcher-5 - Shutting down connection pool.
2019-07-22 17:58:18,167 [INFO] from play.api.db.DefaultDBApi in play-dev-mode-akka.actor.default-dispatcher-27 - Database [default] initialized at jdbc:h2:tcp://localhost/~/playreviews
2019-07-22 17:58:18,168 [INFO] from application in play-dev-mode-akka.actor.default-dispatcher-27 - Creating Pool for datasource 'default'
2019-07-22 17:58:18,453 [INFO] from play.api.http.EnabledFilters in play-dev-mode-akka.actor.default-dispatcher-27 - Enabled Filters (see <https://www.playframework.com/documentation/latest/Filters>):

    play.filters.csrf.CSRFFilter
    play.filters.headers.SecurityHeadersFilter
    play.filters.hosts.AllowedHostsFilter

2019-07-22 17:58:18,456 [INFO] from play.api.Play in play-dev-mode-akka.actor.default-dispatcher-27 - Application started (Dev) (no global state)
2019-07-22 17:58:30,613 [WARN] from org.pac4j.oidc.profile.creator.TokenValidator in application-akka.actor.default-dispatcher-3 - Preferred JWS algorithm: null not available. Using all metadata algorithms: [RS256]
2019-07-22 18:00:05,880 [INFO] from application in application-akka.actor.default-dispatcher-7 - Shutting down connection pool.
2019-07-22 18:00:06,913 [INFO] from play.api.db.DefaultDBApi in play-dev-mode-akka.actor.default-dispatcher-39 - Database [default] initialized at jdbc:h2:tcp://localhost/~/playreviews
2019-07-22 18:00:06,913 [INFO] from application in play-dev-mode-akka.actor.default-dispatcher-39 - Creating Pool for datasource 'default'
2019-07-22 18:00:07,510 [INFO] from play.api.http.EnabledFilters in play-dev-mode-akka.actor.default-dispatcher-39 - Enabled Filters (see <https://www.playframework.com/documentation/latest/Filters>):

    play.filters.csrf.CSRFFilter
    play.filters.headers.SecurityHeadersFilter
    play.filters.hosts.AllowedHostsFilter

2019-07-22 18:00:07,513 [INFO] from play.api.Play in play-dev-mode-akka.actor.default-dispatcher-39 - Application started (Dev) (no global state)
2019-07-22 18:00:11,235 [WARN] from org.pac4j.oidc.profile.creator.TokenValidator in application-akka.actor.default-dispatcher-5 - Preferred JWS algorithm: null not available. Using all metadata algorithms: [RS256]
2019-07-22 18:12:11,629 [INFO] from application in application-akka.actor.default-dispatcher-2 - Shutting down connection pool.
2019-07-22 18:12:12,591 [INFO] from play.api.db.DefaultDBApi in play-dev-mode-akka.actor.default-dispatcher-44 - Database [default] initialized at jdbc:h2:tcp://localhost/~/playreviews
2019-07-22 18:12:12,592 [INFO] from application in play-dev-mode-akka.actor.default-dispatcher-44 - Creating Pool for datasource 'default'
2019-07-22 18:12:13,217 [INFO] from play.api.http.EnabledFilters in play-dev-mode-akka.actor.default-dispatcher-44 - Enabled Filters (see <https://www.playframework.com/documentation/latest/Filters>):

    play.filters.csrf.CSRFFilter
    play.filters.headers.SecurityHeadersFilter
    play.filters.hosts.AllowedHostsFilter

2019-07-22 18:12:13,221 [INFO] from play.api.Play in play-dev-mode-akka.actor.default-dispatcher-44 - Application started (Dev) (no global state)
2019-07-22 18:12:17,086 [WARN] from org.pac4j.oidc.profile.creator.TokenValidator in application-akka.actor.default-dispatcher-2 - Preferred JWS algorithm: null not available. Using all metadata algorithms: [RS256]
2019-07-22 18:16:30,967 [INFO] from application in application-akka.actor.default-dispatcher-3 - Shutting down connection pool.
2019-07-22 18:16:32,117 [INFO] from play.api.db.DefaultDBApi in play-dev-mode-akka.actor.default-dispatcher-44 - Database [default] initialized at jdbc:h2:tcp://localhost/~/playreviews
2019-07-22 18:16:32,117 [INFO] from application in play-dev-mode-akka.actor.default-dispatcher-44 - Creating Pool for datasource 'default'
2019-07-22 18:16:32,677 [INFO] from play.api.http.EnabledFilters in play-dev-mode-akka.actor.default-dispatcher-44 - Enabled Filters (see <https://www.playframework.com/documentation/latest/Filters>):

    play.filters.csrf.CSRFFilter
    play.filters.headers.SecurityHeadersFilter
    play.filters.hosts.AllowedHostsFilter

2019-07-22 18:16:32,679 [INFO] from play.api.Play in play-dev-mode-akka.actor.default-dispatcher-44 - Application started (Dev) (no global state)
2019-07-22 18:16:32,696 [ERROR] from application in play-dev-mode-akka.actor.default-dispatcher-44 - 

! @7ci6k6201 - Internal server error, for (GET) [/items/1/reviews] ->
 
play.api.db.evolutions.InvalidDatabaseRevision: Database 'default' needs evolution![An SQL script need to be run on your database.]
	at play.api.db.evolutions.EvolutionsWebCommands.$anonfun$handleWebCommand$5(ApplicationEvolutions.scala:529)
	at play.api.db.evolutions.EvolutionsWebCommands.$anonfun$handleWebCommand$5$adapted(ApplicationEvolutions.scala:522)
	at play.api.db.evolutions.ApplicationEvolutions$.$anonfun$runEvolutions$1(ApplicationEvolutions.scala:211)
	at play.api.db.evolutions.ApplicationEvolutions$.withLock(ApplicationEvolutions.scala:232)
	at play.api.db.evolutions.ApplicationEvolutions$.runEvolutions(ApplicationEvolutions.scala:202)
	at play.api.db.evolutions.EvolutionsWebCommands.$anonfun$handleWebCommand$4(ApplicationEvolutions.scala:522)
	at play.api.db.evolutions.EvolutionsWebCommands.$anonfun$handleWebCommand$4$adapted(ApplicationEvolutions.scala:517)
	at scala.collection.immutable.List.foreach(List.scala:312)
	at play.api.db.evolutions.EvolutionsWebCommands.handleWebCommand(ApplicationEvolutions.scala:517)
	at play.core.DefaultWebCommands.$anonfun$handleWebCommand$1(WebCommands.scala:42)
	at scala.collection.immutable.Stream.flatMap(Stream.scala:195)
	at play.core.DefaultWebCommands.handleWebCommand(WebCommands.scala:42)
	at play.api.http.DefaultHttpRequestHandler.$anonfun$handlerForRequest$4(HttpRequestHandler.scala:204)
	at scala.Option.flatMap(Option.scala:284)
	at play.api.http.DefaultHttpRequestHandler.handlerForRequest(HttpRequestHandler.scala:203)
	at play.core.server.Server$.getHandlerFor(Server.scala:121)
	at play.core.server.AkkaHttpServer.handleRequest(AkkaHttpServer.scala:319)
	at play.core.server.AkkaHttpServer.$anonfun$createServerBinding$1(AkkaHttpServer.scala:189)
	at akka.stream.impl.fusing.MapAsync$$anon$30.onPush(Ops.scala:1261)
	at akka.stream.impl.fusing.GraphInterpreter.processPush(GraphInterpreter.scala:523)
	at akka.stream.impl.fusing.GraphInterpreter.execute(GraphInterpreter.scala:409)
	at akka.stream.impl.fusing.GraphInterpreterShell.runBatch(ActorGraphInterpreter.scala:606)
	at akka.stream.impl.fusing.GraphInterpreterShell$AsyncInput.execute(ActorGraphInterpreter.scala:485)
	at akka.stream.impl.fusing.GraphInterpreterShell.processEvent(ActorGraphInterpreter.scala:581)
	at akka.stream.impl.fusing.ActorGraphInterpreter.akka$stream$impl$fusing$ActorGraphInterpreter$$processEvent(ActorGraphInterpreter.scala:749)
	at akka.stream.impl.fusing.ActorGraphInterpreter$$anonfun$receive$1.applyOrElse(ActorGraphInterpreter.scala:764)
	at akka.actor.Actor.aroundReceive(Actor.scala:539)
	at akka.actor.Actor.aroundReceive$(Actor.scala:537)
	at akka.stream.impl.fusing.ActorGraphInterpreter.aroundReceive(ActorGraphInterpreter.scala:671)
	at akka.actor.ActorCell.receiveMessage(ActorCell.scala:612)
	at akka.actor.ActorCell.invoke(ActorCell.scala:581)
	at akka.dispatch.Mailbox.processMailbox(Mailbox.scala:268)
	at akka.dispatch.Mailbox.run(Mailbox.scala:229)
	at akka.dispatch.Mailbox.exec(Mailbox.scala:241)
	at akka.dispatch.forkjoin.ForkJoinTask.doExec(ForkJoinTask.java:260)
	at akka.dispatch.forkjoin.ForkJoinPool$WorkQueue.runTask(ForkJoinPool.java:1339)
	at akka.dispatch.forkjoin.ForkJoinPool.runWorker(ForkJoinPool.java:1979)
	at akka.dispatch.forkjoin.ForkJoinWorkerThread.run(ForkJoinWorkerThread.java:107)
2019-07-22 18:16:45,096 [INFO] from application in application-akka.actor.default-dispatcher-4 - Shutting down connection pool.
2019-07-22 18:16:46,374 [INFO] from play.api.db.DefaultDBApi in play-dev-mode-akka.actor.default-dispatcher-60 - Database [default] initialized at jdbc:h2:tcp://localhost/~/playreviews
2019-07-22 18:16:46,375 [INFO] from application in play-dev-mode-akka.actor.default-dispatcher-60 - Creating Pool for datasource 'default'
2019-07-22 18:16:46,622 [INFO] from play.api.http.EnabledFilters in play-dev-mode-akka.actor.default-dispatcher-60 - Enabled Filters (see <https://www.playframework.com/documentation/latest/Filters>):

    play.filters.csrf.CSRFFilter
    play.filters.headers.SecurityHeadersFilter
    play.filters.hosts.AllowedHostsFilter

2019-07-22 18:16:46,624 [INFO] from play.api.Play in play-dev-mode-akka.actor.default-dispatcher-60 - Application started (Dev) (no global state)
2019-07-22 18:16:50,289 [INFO] from application in application-akka.actor.default-dispatcher-4 - Shutting down connection pool.
2019-07-22 18:16:51,311 [INFO] from play.api.db.DefaultDBApi in play-dev-mode-akka.actor.default-dispatcher-60 - Database [default] initialized at jdbc:h2:tcp://localhost/~/playreviews
2019-07-22 18:16:51,312 [INFO] from application in play-dev-mode-akka.actor.default-dispatcher-60 - Creating Pool for datasource 'default'
2019-07-22 18:16:51,839 [INFO] from play.api.http.EnabledFilters in play-dev-mode-akka.actor.default-dispatcher-60 - Enabled Filters (see <https://www.playframework.com/documentation/latest/Filters>):

    play.filters.csrf.CSRFFilter
    play.filters.headers.SecurityHeadersFilter
    play.filters.hosts.AllowedHostsFilter

2019-07-22 18:16:51,842 [INFO] from play.api.Play in play-dev-mode-akka.actor.default-dispatcher-60 - Application started (Dev) (no global state)
2019-07-22 18:16:58,969 [WARN] from org.pac4j.oidc.profile.creator.TokenValidator in application-akka.actor.default-dispatcher-4 - Preferred JWS algorithm: null not available. Using all metadata algorithms: [RS256]
2019-07-22 18:17:03,927 [ERROR] from application in application-akka.actor.default-dispatcher-4 - 

! @7ci6k7m55 - Internal server error, for (POST) [/items/1/reviews/create] ->
 
play.api.http.HttpErrorHandlerExceptions$$anon$1: Execution exception[[RuntimeException: java.lang.NullPointerException]]
	at play.api.http.HttpErrorHandlerExceptions$.throwableToUsefulException(HttpErrorHandler.scala:351)
	at play.api.http.DefaultHttpErrorHandler.onServerError(HttpErrorHandler.scala:267)
	at play.core.server.AkkaHttpServer$$anonfun$1.applyOrElse(AkkaHttpServer.scala:448)
	at play.core.server.AkkaHttpServer$$anonfun$1.applyOrElse(AkkaHttpServer.scala:446)
	at scala.concurrent.impl.Promise$Transformation.run(Promise.scala:453)
	at akka.dispatch.BatchingExecutor$AbstractBatch.processBatch(BatchingExecutor.scala:55)
	at akka.dispatch.BatchingExecutor$BlockableBatch.$anonfun$run$1(BatchingExecutor.scala:92)
	at scala.runtime.java8.JFunction0$mcV$sp.apply(JFunction0$mcV$sp.scala:18)
	at scala.concurrent.BlockContext$.withBlockContext(BlockContext.scala:94)
	at akka.dispatch.BatchingExecutor$BlockableBatch.run(BatchingExecutor.scala:92)
	at akka.dispatch.TaskInvocation.run(AbstractDispatcher.scala:41)
	at akka.dispatch.ForkJoinExecutorConfigurator$AkkaForkJoinTask.exec(ForkJoinExecutorConfigurator.scala:49)
	at akka.dispatch.forkjoin.ForkJoinTask.doExec(ForkJoinTask.java:260)
	at akka.dispatch.forkjoin.ForkJoinPool$WorkQueue.runTask(ForkJoinPool.java:1339)
	at akka.dispatch.forkjoin.ForkJoinPool.runWorker(ForkJoinPool.java:1979)
	at akka.dispatch.forkjoin.ForkJoinWorkerThread.run(ForkJoinWorkerThread.java:107)
Caused by: java.lang.RuntimeException: java.lang.NullPointerException
	at org.pac4j.play.java.SecureAction.call(SecureAction.java:89)
	at play.mvc.Action.lambda$call$0(Action.java:89)
	at java.util.Optional.map(Optional.java:215)
	at play.mvc.Action.call(Action.java:81)
	at play.core.j.JavaAction.$anonfun$apply$8(JavaAction.scala:191)
	at scala.concurrent.Future$.$anonfun$apply$1(Future.scala:660)
	at scala.concurrent.impl.Promise$Transformation.run(Promise.scala:430)
	at play.core.j.HttpExecutionContext$$anon$2.run(HttpExecutionContext.scala:79)
	at play.api.libs.streams.Execution$trampoline$.execute(Execution.scala:72)
	at play.core.j.HttpExecutionContext.execute(HttpExecutionContext.scala:71)
	at scala.concurrent.impl.Promise$Transformation.submitWithValue(Promise.scala:392)
	at scala.concurrent.impl.Promise$DefaultPromise.submitWithValue(Promise.scala:302)
	at scala.concurrent.impl.Promise$DefaultPromise.dispatchOrAddCallbacks(Promise.scala:276)
	at scala.concurrent.impl.Promise$DefaultPromise.map(Promise.scala:146)
	at scala.concurrent.Future$.apply(Future.scala:660)
	at play.core.j.JavaAction.apply(JavaAction.scala:192)
	at play.api.mvc.Action.$anonfun$apply$2(Action.scala:98)
	at scala.concurrent.impl.Promise$Transformation.run(Promise.scala:433)
	... 11 common frames omitted
Caused by: java.lang.NullPointerException: null
	at controllers.ReviewController.save(ReviewController.java:67)
	at router.Routes$$anonfun$routes$1.$anonfun$applyOrElse$46(Routes.scala:645)
	at play.core.routing.HandlerInvokerFactory$$anon$6.resultCall(HandlerInvoker.scala:143)
	at play.core.routing.HandlerInvokerFactory$$anon$6.resultCall(HandlerInvoker.scala:142)
	at play.core.routing.HandlerInvokerFactory$JavaActionInvokerFactory$$anon$3$$anon$4$$anon$5.invocation(HandlerInvoker.scala:116)
	at play.core.j.JavaAction$$anon$1.call(JavaAction.scala:131)
	at play.mvc.Action.lambda$call$0(Action.java:89)
	at java.util.Optional.map(Optional.java:215)
	at play.mvc.Action.call(Action.java:81)
	at play.http.DefaultActionCreator$1.call(DefaultActionCreator.java:33)
	at play.mvc.Action.call(Action.java:66)
	at org.pac4j.play.java.SecureAction.lambda$internalCall$1(SecureAction.java:108)
	at org.pac4j.core.engine.DefaultSecurityLogic.perform(DefaultSecurityLogic.java:140)
	at org.pac4j.play.java.SecureAction.internalCall(SecureAction.java:103)
	at org.pac4j.play.java.SecureAction.call(SecureAction.java:87)
	... 28 common frames omitted
2019-07-22 18:21:24,878 [INFO] from application in application-akka.actor.default-dispatcher-7 - Shutting down connection pool.
2019-07-22 18:21:25,360 [INFO] from play.api.db.DefaultDBApi in play-dev-mode-akka.actor.default-dispatcher-75 - Database [default] initialized at jdbc:h2:tcp://localhost/~/playreviews
2019-07-22 18:21:25,361 [INFO] from application in play-dev-mode-akka.actor.default-dispatcher-75 - Creating Pool for datasource 'default'
2019-07-22 18:21:26,415 [INFO] from play.api.http.EnabledFilters in play-dev-mode-akka.actor.default-dispatcher-75 - Enabled Filters (see <https://www.playframework.com/documentation/latest/Filters>):

    play.filters.csrf.CSRFFilter
    play.filters.headers.SecurityHeadersFilter
    play.filters.hosts.AllowedHostsFilter

2019-07-22 18:21:26,418 [INFO] from play.api.Play in play-dev-mode-akka.actor.default-dispatcher-75 - Application started (Dev) (no global state)
2019-07-22 18:21:35,318 [WARN] from org.pac4j.oidc.profile.creator.TokenValidator in application-akka.actor.default-dispatcher-7 - Preferred JWS algorithm: null not available. Using all metadata algorithms: [RS256]
2019-07-22 18:52:19,171 [ERROR] from application in play-dev-mode-akka.actor.default-dispatcher-80 - 

! @7ci6onp3d - Internal server error, for (GET) [/items/1/reviews] ->
 
play.sbt.routes.RoutesCompilationException: Compilation error[Missing parameter in call definition: itemId]
	at play.sbt.routes.RoutesCompiler$.$anonfun$compileRoutes$4(RoutesCompiler.scala:182)
	at scala.collection.TraversableLike.$anonfun$map$1(TraversableLike.scala:233)
	at scala.collection.immutable.List.foreach(List.scala:388)
	at scala.collection.TraversableLike.map(TraversableLike.scala:233)
	at scala.collection.TraversableLike.map$(TraversableLike.scala:226)
	at scala.collection.immutable.List.map(List.scala:294)
	at play.sbt.routes.RoutesCompiler$.compileRoutes(RoutesCompiler.scala:180)
	at play.sbt.routes.RoutesCompiler$.$anonfun$compileRoutesFiles$1(RoutesCompiler.scala:150)
	at scala.Function1.$anonfun$compose$1(Function1.scala:44)
	at sbt.internal.util.$tilde$greater.$anonfun$$u2219$1(TypeFunctions.scala:40)
	at sbt.std.Transform$$anon$4.work(System.scala:67)
	at sbt.Execute.$anonfun$submit$2(Execute.scala:269)
	at sbt.internal.util.ErrorHandling$.wideConvert(ErrorHandling.scala:16)
	at sbt.Execute.work(Execute.scala:278)
	at sbt.Execute.$anonfun$submit$1(Execute.scala:269)
	at sbt.ConcurrentRestrictions$$anon$4.$anonfun$submitValid$1(ConcurrentRestrictions.scala:178)
	at sbt.CompletionService$$anon$2.call(CompletionService.scala:37)
	at java.util.concurrent.FutureTask.run(FutureTask.java:266)
	at java.util.concurrent.Executors$RunnableAdapter.call(Executors.java:511)
	at java.util.concurrent.FutureTask.run(FutureTask.java:266)
	at java.util.concurrent.ThreadPoolExecutor.runWorker(ThreadPoolExecutor.java:1149)
	at java.util.concurrent.ThreadPoolExecutor$Worker.run(ThreadPoolExecutor.java:624)
	at java.lang.Thread.run(Thread.java:748)
2019-07-22 19:11:48,731 [ERROR] from application in play-dev-mode-akka.actor.default-dispatcher-91 - 

! @7ci71cj9k - Internal server error, for (GET) [/items] ->
 
play.sbt.PlayExceptions$CompilationException: Compilation error[')' expected]
	at play.sbt.PlayExceptions$CompilationException$.apply(PlayExceptions.scala:37)
	at play.sbt.PlayExceptions$CompilationException$.apply(PlayExceptions.scala:37)
	at scala.Option.map(Option.scala:146)
	at play.sbt.run.PlayReload$.$anonfun$taskFailureHandler$1(PlayReload.scala:41)
	at scala.Option.map(Option.scala:146)
	at play.sbt.run.PlayReload$.taskFailureHandler(PlayReload.scala:36)
	at play.sbt.run.PlayReload$.compileFailure(PlayReload.scala:29)
	at play.sbt.run.PlayReload$.$anonfun$compile$3(PlayReload.scala:64)
	at scala.util.Either$LeftProjection.map(Either.scala:569)
	at play.sbt.run.PlayReload$.compile(PlayReload.scala:64)
	at play.sbt.run.PlayRun$.$anonfun$playRunTask$4(PlayRun.scala:80)
	at play.runsupport.Reloader.$anonfun$reload$1(Reloader.scala:501)
	at play.runsupport.Reloader$$anon$1.run(Reloader.scala:58)
	at java.security.AccessController.doPrivileged(Native Method)
	at play.runsupport.Reloader$.play$runsupport$Reloader$$withReloaderContextClassLoader(Reloader.scala:64)
	at play.runsupport.Reloader.reload(Reloader.scala:501)
	at play.core.server.DevServerStart$$anon$1.get(DevServerStart.scala:143)
	at play.core.server.AkkaHttpServer.handleRequest(AkkaHttpServer.scala:304)
	at play.core.server.AkkaHttpServer.$anonfun$createServerBinding$1(AkkaHttpServer.scala:189)
	at akka.stream.impl.fusing.MapAsync$$anon$30.onPush(Ops.scala:1261)
	at akka.stream.impl.fusing.GraphInterpreter.processPush(GraphInterpreter.scala:523)
	at akka.stream.impl.fusing.GraphInterpreter.execute(GraphInterpreter.scala:409)
	at akka.stream.impl.fusing.GraphInterpreterShell.runBatch(ActorGraphInterpreter.scala:606)
	at akka.stream.impl.fusing.GraphInterpreterShell$AsyncInput.execute(ActorGraphInterpreter.scala:485)
	at akka.stream.impl.fusing.GraphInterpreterShell.processEvent(ActorGraphInterpreter.scala:581)
	at akka.stream.impl.fusing.ActorGraphInterpreter.akka$stream$impl$fusing$ActorGraphInterpreter$$processEvent(ActorGraphInterpreter.scala:749)
	at akka.stream.impl.fusing.ActorGraphInterpreter$$anonfun$receive$1.applyOrElse(ActorGraphInterpreter.scala:764)
	at akka.actor.Actor.aroundReceive(Actor.scala:539)
	at akka.actor.Actor.aroundReceive$(Actor.scala:537)
	at akka.stream.impl.fusing.ActorGraphInterpreter.aroundReceive(ActorGraphInterpreter.scala:671)
	at akka.actor.ActorCell.receiveMessage(ActorCell.scala:612)
	at akka.actor.ActorCell.invoke(ActorCell.scala:581)
	at akka.dispatch.Mailbox.processMailbox(Mailbox.scala:268)
	at akka.dispatch.Mailbox.run(Mailbox.scala:229)
	at akka.dispatch.Mailbox.exec(Mailbox.scala:241)
	at akka.dispatch.forkjoin.ForkJoinTask.doExec(ForkJoinTask.java:260)
	at akka.dispatch.forkjoin.ForkJoinPool$WorkQueue.runTask(ForkJoinPool.java:1339)
	at akka.dispatch.forkjoin.ForkJoinPool.runWorker(ForkJoinPool.java:1979)
	at akka.dispatch.forkjoin.ForkJoinWorkerThread.run(ForkJoinWorkerThread.java:107)
2019-07-22 19:12:24,799 [INFO] from application in application-akka.actor.default-dispatcher-3 - Shutting down connection pool.
2019-07-22 19:12:25,267 [INFO] from play.api.db.DefaultDBApi in play-dev-mode-akka.actor.default-dispatcher-93 - Database [default] initialized at jdbc:h2:tcp://localhost/~/playreviews
2019-07-22 19:12:25,268 [INFO] from application in play-dev-mode-akka.actor.default-dispatcher-93 - Creating Pool for datasource 'default'
2019-07-22 19:12:25,818 [INFO] from play.api.http.EnabledFilters in play-dev-mode-akka.actor.default-dispatcher-93 - Enabled Filters (see <https://www.playframework.com/documentation/latest/Filters>):

    play.filters.csrf.CSRFFilter
    play.filters.headers.SecurityHeadersFilter
    play.filters.hosts.AllowedHostsFilter

2019-07-22 19:12:25,819 [INFO] from play.api.Play in play-dev-mode-akka.actor.default-dispatcher-93 - Application started (Dev) (no global state)
2019-07-22 19:12:31,736 [ERROR] from application in application-akka.actor.default-dispatcher-4 - 

! @7ci71f4pn - Internal server error, for (GET) [/items/1/reviews] ->
 
play.api.http.HttpErrorHandlerExceptions$$anon$1: Execution exception[[NoSuchElementException: None.get]]
	at play.api.http.HttpErrorHandlerExceptions$.throwableToUsefulException(HttpErrorHandler.scala:351)
	at play.api.http.DefaultHttpErrorHandler.onServerError(HttpErrorHandler.scala:267)
	at play.core.server.AkkaHttpServer$$anonfun$1.applyOrElse(AkkaHttpServer.scala:448)
	at play.core.server.AkkaHttpServer$$anonfun$1.applyOrElse(AkkaHttpServer.scala:446)
	at scala.concurrent.impl.Promise$Transformation.run(Promise.scala:453)
	at akka.dispatch.BatchingExecutor$AbstractBatch.processBatch(BatchingExecutor.scala:55)
	at akka.dispatch.BatchingExecutor$BlockableBatch.$anonfun$run$1(BatchingExecutor.scala:92)
	at scala.runtime.java8.JFunction0$mcV$sp.apply(JFunction0$mcV$sp.scala:18)
	at scala.concurrent.BlockContext$.withBlockContext(BlockContext.scala:94)
	at akka.dispatch.BatchingExecutor$BlockableBatch.run(BatchingExecutor.scala:92)
	at akka.dispatch.TaskInvocation.run(AbstractDispatcher.scala:41)
	at akka.dispatch.ForkJoinExecutorConfigurator$AkkaForkJoinTask.exec(ForkJoinExecutorConfigurator.scala:49)
	at akka.dispatch.forkjoin.ForkJoinTask.doExec(ForkJoinTask.java:260)
	at akka.dispatch.forkjoin.ForkJoinPool$WorkQueue.runTask(ForkJoinPool.java:1339)
	at akka.dispatch.forkjoin.ForkJoinPool.runWorker(ForkJoinPool.java:1979)
	at akka.dispatch.forkjoin.ForkJoinWorkerThread.run(ForkJoinWorkerThread.java:107)
Caused by: java.util.NoSuchElementException: None.get
	at scala.None$.get(Option.scala:632)
	at scala.None$.get(Option.scala:631)
	at views.html.reviews.index$.$anonfun$apply$1(index.template.scala:67)
	at scala.collection.Iterator$$anon$9.next(Iterator.scala:554)
	at scala.collection.mutable.Growable.addAll(Growable.scala:62)
	at scala.collection.mutable.Growable.addAll$(Growable.scala:59)
	at scala.collection.mutable.ArrayBuffer.addAll(ArrayBuffer.scala:148)
	at scala.collection.mutable.ArrayBuffer.addAll(ArrayBuffer.scala:41)
	at scala.collection.mutable.ArrayBuffer$.from(ArrayBuffer.scala:267)
	at scala.collection.mutable.ArrayBuffer$.from(ArrayBuffer.scala:255)
	at scala.collection.IterableOps.map(Iterable.scala:655)
	at scala.collection.IterableOps.map$(Iterable.scala:655)
	at scala.collection.AbstractIterable.map(Iterable.scala:904)
	at views.html.reviews.index$.apply(index.template.scala:63)
	at views.html.reviews.index$.render(index.template.scala:81)
	at views.html.reviews.index.render(index.template.scala)
	at controllers.ReviewController.index(ReviewController.java:53)
	at router.Routes$$anonfun$routes$1.$anonfun$applyOrElse$42(Routes.scala:671)
	at play.core.routing.HandlerInvokerFactory$$anon$6.resultCall(HandlerInvoker.scala:143)
	at play.core.routing.HandlerInvokerFactory$$anon$6.resultCall(HandlerInvoker.scala:142)
	at play.core.routing.HandlerInvokerFactory$JavaActionInvokerFactory$$anon$3$$anon$4$$anon$5.invocation(HandlerInvoker.scala:116)
	at play.core.j.JavaAction$$anon$1.call(JavaAction.scala:131)
	at play.mvc.Action.lambda$call$0(Action.java:89)
	at java.util.Optional.map(Optional.java:215)
	at play.mvc.Action.call(Action.java:81)
	at play.http.DefaultActionCreator$1.call(DefaultActionCreator.java:33)
	at play.core.j.JavaAction.$anonfun$apply$8(JavaAction.scala:191)
	at scala.concurrent.Future$.$anonfun$apply$1(Future.scala:660)
	at scala.concurrent.impl.Promise$Transformation.run(Promise.scala:430)
	at play.core.j.HttpExecutionContext$$anon$2.run(HttpExecutionContext.scala:79)
	at play.api.libs.streams.Execution$trampoline$.execute(Execution.scala:72)
	at play.core.j.HttpExecutionContext.execute(HttpExecutionContext.scala:71)
	at scala.concurrent.impl.Promise$Transformation.submitWithValue(Promise.scala:392)
	at scala.concurrent.impl.Promise$DefaultPromise.submitWithValue(Promise.scala:302)
	at scala.concurrent.impl.Promise$DefaultPromise.dispatchOrAddCallbacks(Promise.scala:276)
	at scala.concurrent.impl.Promise$DefaultPromise.map(Promise.scala:146)
	at scala.concurrent.Future$.apply(Future.scala:660)
	at play.core.j.JavaAction.apply(JavaAction.scala:192)
	at play.api.mvc.Action.$anonfun$apply$2(Action.scala:98)
	at play.api.libs.streams.StrictAccumulator.$anonfun$mapFuture$4(Accumulator.scala:184)
	at scala.util.Try$.apply(Try.scala:212)
	at play.api.libs.streams.StrictAccumulator.$anonfun$mapFuture$3(Accumulator.scala:184)
	at scala.Function1.$anonfun$andThen$1(Function1.scala:85)
	at scala.Function1.$anonfun$andThen$1(Function1.scala:85)
	at play.api.libs.streams.StrictAccumulator.run(Accumulator.scala:219)
	at play.core.server.AkkaHttpServer.$anonfun$runAction$4(AkkaHttpServer.scala:441)
	at akka.http.scaladsl.util.FastFuture$.strictTransform$1(FastFuture.scala:41)
	at akka.http.scaladsl.util.FastFuture$.$anonfun$transformWith$3(FastFuture.scala:51)
	at scala.concurrent.impl.Promise$Transformation.run(Promise.scala:447)
	... 11 common frames omitted
2019-07-22 19:13:30,949 [INFO] from application in application-akka.actor.default-dispatcher-2 - Shutting down connection pool.
2019-07-22 19:13:32,047 [INFO] from play.api.db.DefaultDBApi in play-dev-mode-akka.actor.default-dispatcher-96 - Database [default] initialized at jdbc:h2:tcp://localhost/~/playreviews
2019-07-22 19:13:32,047 [INFO] from application in play-dev-mode-akka.actor.default-dispatcher-96 - Creating Pool for datasource 'default'
2019-07-22 19:13:32,305 [INFO] from play.api.http.EnabledFilters in play-dev-mode-akka.actor.default-dispatcher-96 - Enabled Filters (see <https://www.playframework.com/documentation/latest/Filters>):

    play.filters.csrf.CSRFFilter
    play.filters.headers.SecurityHeadersFilter
    play.filters.hosts.AllowedHostsFilter

2019-07-22 19:13:32,308 [INFO] from play.api.Play in play-dev-mode-akka.actor.default-dispatcher-96 - Application started (Dev) (no global state)
2019-07-22 19:13:39,722 [WARN] from org.pac4j.oidc.profile.creator.TokenValidator in application-akka.actor.default-dispatcher-7 - Preferred JWS algorithm: null not available. Using all metadata algorithms: [RS256]
2019-07-22 19:16:32,234 [INFO] from application in application-akka.actor.default-dispatcher-4 - Shutting down connection pool.
2019-07-22 19:16:33,443 [INFO] from play.api.db.DefaultDBApi in play-dev-mode-akka.actor.default-dispatcher-99 - Database [default] initialized at jdbc:h2:tcp://localhost/~/playreviews
2019-07-22 19:16:33,443 [INFO] from application in play-dev-mode-akka.actor.default-dispatcher-99 - Creating Pool for datasource 'default'
2019-07-22 19:16:33,682 [INFO] from play.api.http.EnabledFilters in play-dev-mode-akka.actor.default-dispatcher-99 - Enabled Filters (see <https://www.playframework.com/documentation/latest/Filters>):

    play.filters.csrf.CSRFFilter
    play.filters.headers.SecurityHeadersFilter
    play.filters.hosts.AllowedHostsFilter

2019-07-22 19:16:33,684 [INFO] from play.api.Play in play-dev-mode-akka.actor.default-dispatcher-99 - Application started (Dev) (no global state)
2019-07-22 19:16:48,249 [WARN] from org.pac4j.oidc.profile.creator.TokenValidator in application-akka.actor.default-dispatcher-6 - Preferred JWS algorithm: null not available. Using all metadata algorithms: [RS256]
2019-07-22 19:18:02,192 [INFO] from application in application-akka.actor.default-dispatcher-3 - Shutting down connection pool.
2019-07-22 19:18:02,554 [INFO] from play.api.db.DefaultDBApi in play-dev-mode-akka.actor.default-dispatcher-111 - Database [default] initialized at jdbc:h2:tcp://localhost/~/playreviews
2019-07-22 19:18:02,554 [INFO] from application in play-dev-mode-akka.actor.default-dispatcher-111 - Creating Pool for datasource 'default'
2019-07-22 19:18:03,630 [INFO] from play.api.http.EnabledFilters in play-dev-mode-akka.actor.default-dispatcher-111 - Enabled Filters (see <https://www.playframework.com/documentation/latest/Filters>):

    play.filters.csrf.CSRFFilter
    play.filters.headers.SecurityHeadersFilter
    play.filters.hosts.AllowedHostsFilter

2019-07-22 19:18:03,633 [INFO] from play.api.Play in play-dev-mode-akka.actor.default-dispatcher-111 - Application started (Dev) (no global state)
2019-07-22 19:18:11,399 [WARN] from org.pac4j.oidc.profile.creator.TokenValidator in application-akka.actor.default-dispatcher-5 - Preferred JWS algorithm: null not available. Using all metadata algorithms: [RS256]
2019-07-22 19:19:57,097 [INFO] from application in application-akka.actor.default-dispatcher-3 - Shutting down connection pool.
2019-07-22 19:19:58,353 [INFO] from play.api.db.DefaultDBApi in play-dev-mode-akka.actor.default-dispatcher-118 - Database [default] initialized at jdbc:h2:tcp://localhost/~/playreviews
2019-07-22 19:19:58,353 [INFO] from application in play-dev-mode-akka.actor.default-dispatcher-118 - Creating Pool for datasource 'default'
2019-07-22 19:19:58,588 [INFO] from play.api.http.EnabledFilters in play-dev-mode-akka.actor.default-dispatcher-118 - Enabled Filters (see <https://www.playframework.com/documentation/latest/Filters>):

    play.filters.csrf.CSRFFilter
    play.filters.headers.SecurityHeadersFilter
    play.filters.hosts.AllowedHostsFilter

2019-07-22 19:19:58,590 [INFO] from play.api.Play in play-dev-mode-akka.actor.default-dispatcher-118 - Application started (Dev) (no global state)
2019-07-22 19:20:02,623 [WARN] from org.pac4j.oidc.profile.creator.TokenValidator in application-akka.actor.default-dispatcher-6 - Preferred JWS algorithm: null not available. Using all metadata algorithms: [RS256]
2019-07-22 19:20:09,886 [ERROR] from application in application-akka.actor.default-dispatcher-4 - 

! @7ci72f6j1 - Internal server error, for (POST) [/items/1/reviews/edit/33] ->
 
play.api.http.HttpErrorHandlerExceptions$$anon$1: Execution exception[[RuntimeException: java.lang.NullPointerException]]
	at play.api.http.HttpErrorHandlerExceptions$.throwableToUsefulException(HttpErrorHandler.scala:351)
	at play.api.http.DefaultHttpErrorHandler.onServerError(HttpErrorHandler.scala:267)
	at play.core.server.AkkaHttpServer$$anonfun$1.applyOrElse(AkkaHttpServer.scala:448)
	at play.core.server.AkkaHttpServer$$anonfun$1.applyOrElse(AkkaHttpServer.scala:446)
	at scala.concurrent.impl.Promise$Transformation.run(Promise.scala:453)
	at akka.dispatch.BatchingExecutor$AbstractBatch.processBatch(BatchingExecutor.scala:55)
	at akka.dispatch.BatchingExecutor$BlockableBatch.$anonfun$run$1(BatchingExecutor.scala:92)
	at scala.runtime.java8.JFunction0$mcV$sp.apply(JFunction0$mcV$sp.scala:18)
	at scala.concurrent.BlockContext$.withBlockContext(BlockContext.scala:94)
	at akka.dispatch.BatchingExecutor$BlockableBatch.run(BatchingExecutor.scala:92)
	at akka.dispatch.TaskInvocation.run(AbstractDispatcher.scala:41)
	at akka.dispatch.ForkJoinExecutorConfigurator$AkkaForkJoinTask.exec(ForkJoinExecutorConfigurator.scala:49)
	at akka.dispatch.forkjoin.ForkJoinTask.doExec(ForkJoinTask.java:260)
	at akka.dispatch.forkjoin.ForkJoinPool$WorkQueue.runTask(ForkJoinPool.java:1339)
	at akka.dispatch.forkjoin.ForkJoinPool.runWorker(ForkJoinPool.java:1979)
	at akka.dispatch.forkjoin.ForkJoinWorkerThread.run(ForkJoinWorkerThread.java:107)
Caused by: java.lang.RuntimeException: java.lang.NullPointerException
	at org.pac4j.play.java.SecureAction.call(SecureAction.java:89)
	at play.mvc.Action.lambda$call$0(Action.java:89)
	at java.util.Optional.map(Optional.java:215)
	at play.mvc.Action.call(Action.java:81)
	at play.core.j.JavaAction.$anonfun$apply$8(JavaAction.scala:191)
	at scala.concurrent.Future$.$anonfun$apply$1(Future.scala:660)
	at scala.concurrent.impl.Promise$Transformation.run(Promise.scala:430)
	at play.core.j.HttpExecutionContext$$anon$2.run(HttpExecutionContext.scala:79)
	at play.api.libs.streams.Execution$trampoline$.execute(Execution.scala:72)
	at play.core.j.HttpExecutionContext.execute(HttpExecutionContext.scala:71)
	at scala.concurrent.impl.Promise$Transformation.submitWithValue(Promise.scala:392)
	at scala.concurrent.impl.Promise$DefaultPromise.submitWithValue(Promise.scala:302)
	at scala.concurrent.impl.Promise$DefaultPromise.dispatchOrAddCallbacks(Promise.scala:276)
	at scala.concurrent.impl.Promise$DefaultPromise.map(Promise.scala:146)
	at scala.concurrent.Future$.apply(Future.scala:660)
	at play.core.j.JavaAction.apply(JavaAction.scala:192)
	at play.api.mvc.Action.$anonfun$apply$2(Action.scala:98)
	at scala.concurrent.impl.Promise$Transformation.run(Promise.scala:433)
	... 11 common frames omitted
Caused by: java.lang.NullPointerException: null
	at controllers.ReviewController.update(ReviewController.java:105)
	at router.Routes$$anonfun$routes$1.$anonfun$applyOrElse$50(Routes.scala:695)
	at play.core.routing.HandlerInvokerFactory$$anon$6.resultCall(HandlerInvoker.scala:143)
	at play.core.routing.HandlerInvokerFactory$$anon$6.resultCall(HandlerInvoker.scala:142)
	at play.core.routing.HandlerInvokerFactory$JavaActionInvokerFactory$$anon$3$$anon$4$$anon$5.invocation(HandlerInvoker.scala:116)
	at play.core.j.JavaAction$$anon$1.call(JavaAction.scala:131)
	at play.mvc.Action.lambda$call$0(Action.java:89)
	at java.util.Optional.map(Optional.java:215)
	at play.mvc.Action.call(Action.java:81)
	at play.http.DefaultActionCreator$1.call(DefaultActionCreator.java:33)
	at play.mvc.Action.call(Action.java:66)
	at org.pac4j.play.java.SecureAction.lambda$internalCall$1(SecureAction.java:108)
	at org.pac4j.core.engine.DefaultSecurityLogic.perform(DefaultSecurityLogic.java:140)
	at org.pac4j.play.java.SecureAction.internalCall(SecureAction.java:103)
	at org.pac4j.play.java.SecureAction.call(SecureAction.java:87)
	... 28 common frames omitted
2019-07-22 19:22:06,436 [INFO] from application in application-akka.actor.default-dispatcher-3 - Shutting down connection pool.
2019-07-22 19:22:06,895 [INFO] from play.api.db.DefaultDBApi in play-dev-mode-akka.actor.default-dispatcher-124 - Database [default] initialized at jdbc:h2:tcp://localhost/~/playreviews
2019-07-22 19:22:06,895 [INFO] from application in play-dev-mode-akka.actor.default-dispatcher-124 - Creating Pool for datasource 'default'
2019-07-22 19:22:07,872 [INFO] from play.api.http.EnabledFilters in play-dev-mode-akka.actor.default-dispatcher-124 - Enabled Filters (see <https://www.playframework.com/documentation/latest/Filters>):

    play.filters.csrf.CSRFFilter
    play.filters.headers.SecurityHeadersFilter
    play.filters.hosts.AllowedHostsFilter

2019-07-22 19:22:07,874 [INFO] from play.api.Play in play-dev-mode-akka.actor.default-dispatcher-124 - Application started (Dev) (no global state)
2019-07-22 19:22:11,654 [WARN] from org.pac4j.oidc.profile.creator.TokenValidator in application-akka.actor.default-dispatcher-3 - Preferred JWS algorithm: null not available. Using all metadata algorithms: [RS256]
2019-07-22 19:22:20,611 [ERROR] from application in application-akka.actor.default-dispatcher-5 - 

! @7ci72mi2n - Internal server error, for (POST) [/items/1/reviews/edit/33] ->
 
play.api.http.HttpErrorHandlerExceptions$$anon$1: Execution exception[[RuntimeException: java.lang.NullPointerException]]
	at play.api.http.HttpErrorHandlerExceptions$.throwableToUsefulException(HttpErrorHandler.scala:351)
	at play.api.http.DefaultHttpErrorHandler.onServerError(HttpErrorHandler.scala:267)
	at play.core.server.AkkaHttpServer$$anonfun$1.applyOrElse(AkkaHttpServer.scala:448)
	at play.core.server.AkkaHttpServer$$anonfun$1.applyOrElse(AkkaHttpServer.scala:446)
	at scala.concurrent.impl.Promise$Transformation.run(Promise.scala:453)
	at akka.dispatch.BatchingExecutor$AbstractBatch.processBatch(BatchingExecutor.scala:55)
	at akka.dispatch.BatchingExecutor$BlockableBatch.$anonfun$run$1(BatchingExecutor.scala:92)
	at scala.runtime.java8.JFunction0$mcV$sp.apply(JFunction0$mcV$sp.scala:18)
	at scala.concurrent.BlockContext$.withBlockContext(BlockContext.scala:94)
	at akka.dispatch.BatchingExecutor$BlockableBatch.run(BatchingExecutor.scala:92)
	at akka.dispatch.TaskInvocation.run(AbstractDispatcher.scala:41)
	at akka.dispatch.ForkJoinExecutorConfigurator$AkkaForkJoinTask.exec(ForkJoinExecutorConfigurator.scala:49)
	at akka.dispatch.forkjoin.ForkJoinTask.doExec(ForkJoinTask.java:260)
	at akka.dispatch.forkjoin.ForkJoinPool$WorkQueue.runTask(ForkJoinPool.java:1339)
	at akka.dispatch.forkjoin.ForkJoinPool.runWorker(ForkJoinPool.java:1979)
	at akka.dispatch.forkjoin.ForkJoinWorkerThread.run(ForkJoinWorkerThread.java:107)
Caused by: java.lang.RuntimeException: java.lang.NullPointerException
	at org.pac4j.play.java.SecureAction.call(SecureAction.java:89)
	at play.mvc.Action.lambda$call$0(Action.java:89)
	at java.util.Optional.map(Optional.java:215)
	at play.mvc.Action.call(Action.java:81)
	at play.core.j.JavaAction.$anonfun$apply$8(JavaAction.scala:191)
	at scala.concurrent.Future$.$anonfun$apply$1(Future.scala:660)
	at scala.concurrent.impl.Promise$Transformation.run(Promise.scala:430)
	at play.core.j.HttpExecutionContext$$anon$2.run(HttpExecutionContext.scala:79)
	at play.api.libs.streams.Execution$trampoline$.execute(Execution.scala:72)
	at play.core.j.HttpExecutionContext.execute(HttpExecutionContext.scala:71)
	at scala.concurrent.impl.Promise$Transformation.submitWithValue(Promise.scala:392)
	at scala.concurrent.impl.Promise$DefaultPromise.submitWithValue(Promise.scala:302)
	at scala.concurrent.impl.Promise$DefaultPromise.dispatchOrAddCallbacks(Promise.scala:276)
	at scala.concurrent.impl.Promise$DefaultPromise.map(Promise.scala:146)
	at scala.concurrent.Future$.apply(Future.scala:660)
	at play.core.j.JavaAction.apply(JavaAction.scala:192)
	at play.api.mvc.Action.$anonfun$apply$2(Action.scala:98)
	at scala.concurrent.impl.Promise$Transformation.run(Promise.scala:433)
	... 11 common frames omitted
Caused by: java.lang.NullPointerException: null
	at controllers.ReviewController.update(ReviewController.java:106)
	at router.Routes$$anonfun$routes$1.$anonfun$applyOrElse$50(Routes.scala:695)
	at play.core.routing.HandlerInvokerFactory$$anon$6.resultCall(HandlerInvoker.scala:143)
	at play.core.routing.HandlerInvokerFactory$$anon$6.resultCall(HandlerInvoker.scala:142)
	at play.core.routing.HandlerInvokerFactory$JavaActionInvokerFactory$$anon$3$$anon$4$$anon$5.invocation(HandlerInvoker.scala:116)
	at play.core.j.JavaAction$$anon$1.call(JavaAction.scala:131)
	at play.mvc.Action.lambda$call$0(Action.java:89)
	at java.util.Optional.map(Optional.java:215)
	at play.mvc.Action.call(Action.java:81)
	at play.http.DefaultActionCreator$1.call(DefaultActionCreator.java:33)
	at play.mvc.Action.call(Action.java:66)
	at org.pac4j.play.java.SecureAction.lambda$internalCall$1(SecureAction.java:108)
	at org.pac4j.core.engine.DefaultSecurityLogic.perform(DefaultSecurityLogic.java:140)
	at org.pac4j.play.java.SecureAction.internalCall(SecureAction.java:103)
	at org.pac4j.play.java.SecureAction.call(SecureAction.java:87)
	... 28 common frames omitted
2019-07-22 19:22:44,642 [INFO] from application in application-akka.actor.default-dispatcher-6 - Shutting down connection pool.
2019-07-22 19:22:45,119 [INFO] from play.api.db.DefaultDBApi in play-dev-mode-akka.actor.default-dispatcher-129 - Database [default] initialized at jdbc:h2:tcp://localhost/~/playreviews
2019-07-22 19:22:45,119 [INFO] from application in play-dev-mode-akka.actor.default-dispatcher-129 - Creating Pool for datasource 'default'
2019-07-22 19:22:46,081 [INFO] from play.api.http.EnabledFilters in play-dev-mode-akka.actor.default-dispatcher-129 - Enabled Filters (see <https://www.playframework.com/documentation/latest/Filters>):

    play.filters.csrf.CSRFFilter
    play.filters.headers.SecurityHeadersFilter
    play.filters.hosts.AllowedHostsFilter

2019-07-22 19:22:46,082 [INFO] from play.api.Play in play-dev-mode-akka.actor.default-dispatcher-129 - Application started (Dev) (no global state)
2019-07-22 19:22:57,790 [WARN] from org.pac4j.oidc.profile.creator.TokenValidator in application-akka.actor.default-dispatcher-6 - Preferred JWS algorithm: null not available. Using all metadata algorithms: [RS256]
2019-07-22 19:23:04,083 [ERROR] from application in application-akka.actor.default-dispatcher-2 - 

! @7ci72p4an - Internal server error, for (POST) [/items/1/reviews/edit/33] ->
 
play.api.http.HttpErrorHandlerExceptions$$anon$1: Execution exception[[RuntimeException: java.lang.NullPointerException]]
	at play.api.http.HttpErrorHandlerExceptions$.throwableToUsefulException(HttpErrorHandler.scala:351)
	at play.api.http.DefaultHttpErrorHandler.onServerError(HttpErrorHandler.scala:267)
	at play.core.server.AkkaHttpServer$$anonfun$1.applyOrElse(AkkaHttpServer.scala:448)
	at play.core.server.AkkaHttpServer$$anonfun$1.applyOrElse(AkkaHttpServer.scala:446)
	at scala.concurrent.impl.Promise$Transformation.run(Promise.scala:453)
	at akka.dispatch.BatchingExecutor$AbstractBatch.processBatch(BatchingExecutor.scala:55)
	at akka.dispatch.BatchingExecutor$BlockableBatch.$anonfun$run$1(BatchingExecutor.scala:92)
	at scala.runtime.java8.JFunction0$mcV$sp.apply(JFunction0$mcV$sp.scala:18)
	at scala.concurrent.BlockContext$.withBlockContext(BlockContext.scala:94)
	at akka.dispatch.BatchingExecutor$BlockableBatch.run(BatchingExecutor.scala:92)
	at akka.dispatch.TaskInvocation.run(AbstractDispatcher.scala:41)
	at akka.dispatch.ForkJoinExecutorConfigurator$AkkaForkJoinTask.exec(ForkJoinExecutorConfigurator.scala:49)
	at akka.dispatch.forkjoin.ForkJoinTask.doExec(ForkJoinTask.java:260)
	at akka.dispatch.forkjoin.ForkJoinPool$WorkQueue.runTask(ForkJoinPool.java:1339)
	at akka.dispatch.forkjoin.ForkJoinPool.runWorker(ForkJoinPool.java:1979)
	at akka.dispatch.forkjoin.ForkJoinWorkerThread.run(ForkJoinWorkerThread.java:107)
Caused by: java.lang.RuntimeException: java.lang.NullPointerException
	at org.pac4j.play.java.SecureAction.call(SecureAction.java:89)
	at play.mvc.Action.lambda$call$0(Action.java:89)
	at java.util.Optional.map(Optional.java:215)
	at play.mvc.Action.call(Action.java:81)
	at play.core.j.JavaAction.$anonfun$apply$8(JavaAction.scala:191)
	at scala.concurrent.Future$.$anonfun$apply$1(Future.scala:660)
	at scala.concurrent.impl.Promise$Transformation.run(Promise.scala:430)
	at play.core.j.HttpExecutionContext$$anon$2.run(HttpExecutionContext.scala:79)
	at play.api.libs.streams.Execution$trampoline$.execute(Execution.scala:72)
	at play.core.j.HttpExecutionContext.execute(HttpExecutionContext.scala:71)
	at scala.concurrent.impl.Promise$Transformation.submitWithValue(Promise.scala:392)
	at scala.concurrent.impl.Promise$DefaultPromise.submitWithValue(Promise.scala:302)
	at scala.concurrent.impl.Promise$DefaultPromise.dispatchOrAddCallbacks(Promise.scala:276)
	at scala.concurrent.impl.Promise$DefaultPromise.map(Promise.scala:146)
	at scala.concurrent.Future$.apply(Future.scala:660)
	at play.core.j.JavaAction.apply(JavaAction.scala:192)
	at play.api.mvc.Action.$anonfun$apply$2(Action.scala:98)
	at scala.concurrent.impl.Promise$Transformation.run(Promise.scala:433)
	... 11 common frames omitted
Caused by: java.lang.NullPointerException: null
	at controllers.ReviewController.update(ReviewController.java:106)
	at router.Routes$$anonfun$routes$1.$anonfun$applyOrElse$50(Routes.scala:695)
	at play.core.routing.HandlerInvokerFactory$$anon$6.resultCall(HandlerInvoker.scala:143)
	at play.core.routing.HandlerInvokerFactory$$anon$6.resultCall(HandlerInvoker.scala:142)
	at play.core.routing.HandlerInvokerFactory$JavaActionInvokerFactory$$anon$3$$anon$4$$anon$5.invocation(HandlerInvoker.scala:116)
	at play.core.j.JavaAction$$anon$1.call(JavaAction.scala:131)
	at play.mvc.Action.lambda$call$0(Action.java:89)
	at java.util.Optional.map(Optional.java:215)
	at play.mvc.Action.call(Action.java:81)
	at play.http.DefaultActionCreator$1.call(DefaultActionCreator.java:33)
	at play.mvc.Action.call(Action.java:66)
	at org.pac4j.play.java.SecureAction.lambda$internalCall$1(SecureAction.java:108)
	at org.pac4j.core.engine.DefaultSecurityLogic.perform(DefaultSecurityLogic.java:140)
	at org.pac4j.play.java.SecureAction.internalCall(SecureAction.java:103)
	at org.pac4j.play.java.SecureAction.call(SecureAction.java:87)
	... 28 common frames omitted
2019-07-22 20:05:47,187 [INFO] from play.core.server.AkkaHttpServer in pool-29-thread-3 - Stopping server...
2019-07-22 20:05:59,726 [INFO] from application in application-akka.actor.default-dispatcher-5 - Shutting down connection pool.
2019-07-22 20:06:00,135 [INFO] from play.api.db.DefaultDBApi in play-dev-mode-akka.actor.default-dispatcher-132 - Database [default] initialized at jdbc:h2:tcp://localhost/~/playreviews
2019-07-22 20:06:00,136 [INFO] from application in play-dev-mode-akka.actor.default-dispatcher-132 - Creating Pool for datasource 'default'
2019-07-22 20:06:01,331 [INFO] from play.api.http.EnabledFilters in play-dev-mode-akka.actor.default-dispatcher-132 - Enabled Filters (see <https://www.playframework.com/documentation/latest/Filters>):

    play.filters.csrf.CSRFFilter
    play.filters.headers.SecurityHeadersFilter
    play.filters.hosts.AllowedHostsFilter

2019-07-22 20:06:01,333 [INFO] from play.api.Play in play-dev-mode-akka.actor.default-dispatcher-132 - Application started (Dev) (no global state)
2019-07-22 20:06:01,336 [INFO] from application in application-akka.actor.default-dispatcher-5 - Shutting down connection pool.
2019-07-22 20:08:38,703 [INFO] from play.api.db.DefaultDBApi in play-dev-mode-akka.actor.default-dispatcher-7 - Database [default] initialized at jdbc:h2:tcp://localhost/~/playreviews
2019-07-22 20:08:38,708 [INFO] from application in play-dev-mode-akka.actor.default-dispatcher-7 - Creating Pool for datasource 'default'
2019-07-22 20:08:42,358 [INFO] from play.api.http.EnabledFilters in play-dev-mode-akka.actor.default-dispatcher-7 - Enabled Filters (see <https://www.playframework.com/documentation/latest/Filters>):

    play.filters.csrf.CSRFFilter
    play.filters.headers.SecurityHeadersFilter
    play.filters.hosts.AllowedHostsFilter

2019-07-22 20:08:42,372 [INFO] from play.api.Play in play-dev-mode-akka.actor.default-dispatcher-7 - Application started (Dev) (no global state)
2019-07-22 20:08:48,351 [WARN] from org.pac4j.oidc.profile.creator.TokenValidator in application-akka.actor.default-dispatcher-4 - Preferred JWS algorithm: null not available. Using all metadata algorithms: [RS256]
2019-07-22 20:11:29,159 [INFO] from application in application-akka.actor.default-dispatcher-3 - Shutting down connection pool.
2019-07-22 20:11:30,806 [INFO] from play.api.db.DefaultDBApi in play-dev-mode-akka.actor.default-dispatcher-13 - Database [default] initialized at jdbc:h2:tcp://localhost/~/playreviews
2019-07-22 20:11:30,806 [INFO] from application in play-dev-mode-akka.actor.default-dispatcher-13 - Creating Pool for datasource 'default'
2019-07-22 20:11:31,253 [INFO] from play.api.http.EnabledFilters in play-dev-mode-akka.actor.default-dispatcher-13 - Enabled Filters (see <https://www.playframework.com/documentation/latest/Filters>):

    play.filters.csrf.CSRFFilter
    play.filters.headers.SecurityHeadersFilter
    play.filters.hosts.AllowedHostsFilter

2019-07-22 20:11:31,257 [INFO] from play.api.Play in play-dev-mode-akka.actor.default-dispatcher-13 - Application started (Dev) (no global state)
2019-07-22 20:11:37,553 [WARN] from org.pac4j.oidc.profile.creator.TokenValidator in application-akka.actor.default-dispatcher-3 - Preferred JWS algorithm: null not available. Using all metadata algorithms: [RS256]
2019-07-22 20:12:20,348 [INFO] from application in application-akka.actor.default-dispatcher-8 - Shutting down connection pool.
2019-07-22 20:12:21,123 [INFO] from play.api.db.DefaultDBApi in play-dev-mode-akka.actor.default-dispatcher-14 - Database [default] initialized at jdbc:h2:tcp://localhost/~/playreviews
2019-07-22 20:12:21,124 [INFO] from application in play-dev-mode-akka.actor.default-dispatcher-14 - Creating Pool for datasource 'default'
2019-07-22 20:12:21,372 [INFO] from play.api.http.EnabledFilters in play-dev-mode-akka.actor.default-dispatcher-14 - Enabled Filters (see <https://www.playframework.com/documentation/latest/Filters>):

    play.filters.csrf.CSRFFilter
    play.filters.headers.SecurityHeadersFilter
    play.filters.hosts.AllowedHostsFilter

2019-07-22 20:12:21,381 [INFO] from play.api.Play in play-dev-mode-akka.actor.default-dispatcher-14 - Application started (Dev) (no global state)
2019-07-22 20:12:25,250 [WARN] from org.pac4j.oidc.profile.creator.TokenValidator in application-akka.actor.default-dispatcher-3 - Preferred JWS algorithm: null not available. Using all metadata algorithms: [RS256]
2019-07-22 20:14:54,513 [INFO] from application in application-akka.actor.default-dispatcher-2 - Shutting down connection pool.
2019-07-22 20:14:55,930 [INFO] from play.api.db.DefaultDBApi in play-dev-mode-akka.actor.default-dispatcher-22 - Database [default] initialized at jdbc:h2:tcp://localhost/~/playreviews
2019-07-22 20:14:55,930 [INFO] from application in play-dev-mode-akka.actor.default-dispatcher-22 - Creating Pool for datasource 'default'
2019-07-22 20:14:56,170 [INFO] from play.api.http.EnabledFilters in play-dev-mode-akka.actor.default-dispatcher-22 - Enabled Filters (see <https://www.playframework.com/documentation/latest/Filters>):

    play.filters.csrf.CSRFFilter
    play.filters.headers.SecurityHeadersFilter
    play.filters.hosts.AllowedHostsFilter

2019-07-22 20:14:56,172 [INFO] from play.api.Play in play-dev-mode-akka.actor.default-dispatcher-22 - Application started (Dev) (no global state)
2019-07-22 20:14:59,952 [WARN] from org.pac4j.oidc.profile.creator.TokenValidator in application-akka.actor.default-dispatcher-3 - Preferred JWS algorithm: null not available. Using all metadata algorithms: [RS256]
2019-07-22 20:15:04,766 [ERROR] from application in application-akka.actor.default-dispatcher-3 - 

! @7ci79kiko - Internal server error, for (POST) [/items/1/reviews/edit/33] ->
 
play.api.http.HttpErrorHandlerExceptions$$anon$1: Execution exception[[RuntimeException: java.lang.NullPointerException]]
	at play.api.http.HttpErrorHandlerExceptions$.throwableToUsefulException(HttpErrorHandler.scala:351)
	at play.api.http.DefaultHttpErrorHandler.onServerError(HttpErrorHandler.scala:267)
	at play.core.server.AkkaHttpServer$$anonfun$1.applyOrElse(AkkaHttpServer.scala:448)
	at play.core.server.AkkaHttpServer$$anonfun$1.applyOrElse(AkkaHttpServer.scala:446)
	at scala.concurrent.impl.Promise$Transformation.run(Promise.scala:453)
	at akka.dispatch.BatchingExecutor$AbstractBatch.processBatch(BatchingExecutor.scala:55)
	at akka.dispatch.BatchingExecutor$BlockableBatch.$anonfun$run$1(BatchingExecutor.scala:92)
	at scala.runtime.java8.JFunction0$mcV$sp.apply(JFunction0$mcV$sp.scala:18)
	at scala.concurrent.BlockContext$.withBlockContext(BlockContext.scala:94)
	at akka.dispatch.BatchingExecutor$BlockableBatch.run(BatchingExecutor.scala:92)
	at akka.dispatch.TaskInvocation.run(AbstractDispatcher.scala:41)
	at akka.dispatch.ForkJoinExecutorConfigurator$AkkaForkJoinTask.exec(ForkJoinExecutorConfigurator.scala:49)
	at akka.dispatch.forkjoin.ForkJoinTask.doExec(ForkJoinTask.java:260)
	at akka.dispatch.forkjoin.ForkJoinPool$WorkQueue.runTask(ForkJoinPool.java:1339)
	at akka.dispatch.forkjoin.ForkJoinPool.runWorker(ForkJoinPool.java:1979)
	at akka.dispatch.forkjoin.ForkJoinWorkerThread.run(ForkJoinWorkerThread.java:107)
Caused by: java.lang.RuntimeException: java.lang.NullPointerException
	at org.pac4j.play.java.SecureAction.call(SecureAction.java:89)
	at play.mvc.Action.lambda$call$0(Action.java:89)
	at java.util.Optional.map(Optional.java:215)
	at play.mvc.Action.call(Action.java:81)
	at play.core.j.JavaAction.$anonfun$apply$8(JavaAction.scala:191)
	at scala.concurrent.Future$.$anonfun$apply$1(Future.scala:660)
	at scala.concurrent.impl.Promise$Transformation.run(Promise.scala:430)
	at play.core.j.HttpExecutionContext$$anon$2.run(HttpExecutionContext.scala:79)
	at play.api.libs.streams.Execution$trampoline$.execute(Execution.scala:72)
	at play.core.j.HttpExecutionContext.execute(HttpExecutionContext.scala:71)
	at scala.concurrent.impl.Promise$Transformation.submitWithValue(Promise.scala:392)
	at scala.concurrent.impl.Promise$DefaultPromise.submitWithValue(Promise.scala:302)
	at scala.concurrent.impl.Promise$DefaultPromise.dispatchOrAddCallbacks(Promise.scala:276)
	at scala.concurrent.impl.Promise$DefaultPromise.map(Promise.scala:146)
	at scala.concurrent.Future$.apply(Future.scala:660)
	at play.core.j.JavaAction.apply(JavaAction.scala:192)
	at play.api.mvc.Action.$anonfun$apply$2(Action.scala:98)
	at scala.concurrent.impl.Promise$Transformation.run(Promise.scala:433)
	... 11 common frames omitted
Caused by: java.lang.NullPointerException: null
	at controllers.ReviewController.update(ReviewController.java:126)
	at router.Routes$$anonfun$routes$1.$anonfun$applyOrElse$50(Routes.scala:695)
	at play.core.routing.HandlerInvokerFactory$$anon$6.resultCall(HandlerInvoker.scala:143)
	at play.core.routing.HandlerInvokerFactory$$anon$6.resultCall(HandlerInvoker.scala:142)
	at play.core.routing.HandlerInvokerFactory$JavaActionInvokerFactory$$anon$3$$anon$4$$anon$5.invocation(HandlerInvoker.scala:116)
	at play.core.j.JavaAction$$anon$1.call(JavaAction.scala:131)
	at play.mvc.Action.lambda$call$0(Action.java:89)
	at java.util.Optional.map(Optional.java:215)
	at play.mvc.Action.call(Action.java:81)
	at play.http.DefaultActionCreator$1.call(DefaultActionCreator.java:33)
	at play.mvc.Action.call(Action.java:66)
	at org.pac4j.play.java.SecureAction.lambda$internalCall$1(SecureAction.java:108)
	at org.pac4j.core.engine.DefaultSecurityLogic.perform(DefaultSecurityLogic.java:140)
	at org.pac4j.play.java.SecureAction.internalCall(SecureAction.java:103)
	at org.pac4j.play.java.SecureAction.call(SecureAction.java:87)
	... 28 common frames omitted
2019-07-22 20:15:48,803 [INFO] from application in application-akka.actor.default-dispatcher-4 - Shutting down connection pool.
2019-07-22 20:15:50,252 [INFO] from play.api.db.DefaultDBApi in play-dev-mode-akka.actor.default-dispatcher-19 - Database [default] initialized at jdbc:h2:tcp://localhost/~/playreviews
2019-07-22 20:15:50,253 [INFO] from application in play-dev-mode-akka.actor.default-dispatcher-19 - Creating Pool for datasource 'default'
2019-07-22 20:15:50,511 [INFO] from play.api.http.EnabledFilters in play-dev-mode-akka.actor.default-dispatcher-19 - Enabled Filters (see <https://www.playframework.com/documentation/latest/Filters>):

    play.filters.csrf.CSRFFilter
    play.filters.headers.SecurityHeadersFilter
    play.filters.hosts.AllowedHostsFilter

2019-07-22 20:15:50,515 [INFO] from play.api.Play in play-dev-mode-akka.actor.default-dispatcher-19 - Application started (Dev) (no global state)
2019-07-22 20:16:01,209 [INFO] from play.core.server.AkkaHttpServer in pool-89-thread-1 - Stopping server...
2019-07-22 20:16:01,223 [INFO] from application in application-akka.actor.default-dispatcher-6 - Shutting down connection pool.
